<?xml version="1.0" encoding="UTF-8"?>
<!-- Generated by org.testng.reporters.JUnitReportReporter -->
<testsuite hostname="DESKTOP-7R6JVAA" failures="0" tests="1" name="initialScreening.TableAutomation" time="21.734" errors="0" timestamp="2023-11-23T14:02:41 IST" skipped="0">
  <testcase classname="initialScreening.TableAutomation" name="testTableAutomation" time="21.734"/>
  <system-out/>
</testsuite> <!-- initialScreening.TableAutomation -->
